GET /apiEcomerce/1.0/users 200 625 - 198.979 ms Mon, 30 Oct 2023 16:39:48 GMT -
GET /apiEcomerce/1.0/users 200 625 - 5.266 ms Mon, 30 Oct 2023 16:40:33 GMT -
GET /apiEcomerce/1.0/users 200 625 - 3.453 ms Mon, 30 Oct 2023 16:40:34 GMT -
GET /apiEcomerce/1.0/users 200 625 - 5.572 ms Mon, 30 Oct 2023 16:40:35 GMT -
GET /apiEcomerce/1.0/users 200 625 - 4.152 ms Mon, 30 Oct 2023 16:40:35 GMT -
GET /apiEcomerce/1.0/orders 200 503 - 181.136 ms Mon, 30 Oct 2023 16:40:51 GMT -
GET /apiEcomerce/1.0/users 200 625 - 225.107 ms Mon, 30 Oct 2023 16:41:58 GMT -
GET /apiEcomerce/1.0/users 200 663 - 230.028 ms Mon, 30 Oct 2023 17:29:16 GMT -
GET /apiEcomerce/1.0/users/cf7949ff-0e83-4fe3-8660-67dcfb22f4b0 200 359 - 7.985 ms Mon, 30 Oct 2023 17:29:42 GMT -
PUT /apiEcomerce/1.0/users/cf7949ff-0e83-4fe3-8660-67dcfb22f4b0 500 49 - 234.475 ms Mon, 30 Oct 2023 17:31:36 GMT application/json
PUT /apiEcomerce/1.0/users/cf7949ff-0e83-4fe3-8660-67dcfb22f4b0 500 49 - 223.690 ms Mon, 30 Oct 2023 17:32:17 GMT application/json
PUT /apiEcomerce/1.0/users/cf7949ff-0e83-4fe3-8660-67dcfb22f4b0 200 367 - 213.116 ms Mon, 30 Oct 2023 17:32:33 GMT application/json
PUT /apiEcomerce/1.0/users/cf7949ff-0e83-4fe3-8660-67dcfb22f4b0 200 367 - 208.784 ms Mon, 30 Oct 2023 17:32:57 GMT application/json
GET /apiEcomerce/1.0/roles/ 200 147 - 248.417 ms Mon, 30 Oct 2023 17:40:32 GMT -
POST /apiEcomerce/1.0/roles/ 500 255 - 187.236 ms Mon, 30 Oct 2023 17:43:28 GMT application/json
POST /apiEcomerce/1.0/roles/ 200 148 - 226.963 ms Mon, 30 Oct 2023 17:44:15 GMT application/json
GET /apiEcomerce/1.0/roles/ 200 252 - 5.181 ms Mon, 30 Oct 2023 17:44:21 GMT -
PUT /apiEcomerce/1.0/users/cf7949ff-0e83-4fe3-8660-67dcfb22f4b0 400 37 - 58.725 ms Mon, 30 Oct 2023 19:02:50 GMT application/json
PUT /apiEcomerce/1.0/users/cf7949ff-0e83-4fe3-8660-67dcfb22f4b0 400 37 - 61.662 ms Mon, 30 Oct 2023 19:03:13 GMT application/json
PUT /apiEcomerce/1.0/users/cf7949ff-0e83-4fe3-8660-67dcfb22f4b0 400 37 - 56.064 ms Mon, 30 Oct 2023 19:04:51 GMT application/json
PUT /apiEcomerce/1.0/users/cf7949ff-0e83-4fe3-8660-67dcfb22f4b0 400 37 - 80.410 ms Mon, 30 Oct 2023 19:05:28 GMT application/json
PUT /apiEcomerce/1.0/users/cf7949ff-0e83-4fe3-8660-67dcfb22f4b0 200 367 - 271.546 ms Mon, 30 Oct 2023 19:06:58 GMT application/json
PUT /apiEcomerce/1.0/users/cf7949ff-0e83-4fe3-8660-67dcfb22f4b0 400 37 - 1.021 ms Mon, 30 Oct 2023 19:07:06 GMT application/json
PUT /apiEcomerce/1.0/users/cf7949ff-0e83-4fe3-8660-67dcfb22f4b0 400 233 - 93.393 ms Mon, 30 Oct 2023 19:14:17 GMT application/json
PUT /apiEcomerce/1.0/users/cf7949ff-0e83-4fe3-8660-67dcfb22f4b0 200 362 - 275.193 ms Mon, 30 Oct 2023 19:14:51 GMT application/json
GET /apiEcomerce/1.0/roles/ 401 26 - 2.959 ms Mon, 30 Oct 2023 19:19:52 GMT -
POST /apiEcomerce/1.0/auth/login 200 670 - 507.582 ms Mon, 30 Oct 2023 19:20:12 GMT application/json
GET /apiEcomerce/1.0/roles/ 200 252 - 398.815 ms Mon, 30 Oct 2023 19:27:23 GMT -
GET /apiEcomerce/1.0/users 200 666 - 5.421 ms Mon, 30 Oct 2023 19:27:37 GMT -
GET /apiEcomerce/1.0/roles/ 200 252 - 14.384 ms Mon, 30 Oct 2023 19:27:46 GMT -
POST /apiEcomerce/1.0/roles/ 401 26 - 3.360 ms Mon, 30 Oct 2023 19:28:15 GMT application/json
POST /apiEcomerce/1.0/roles/ 200 150 - 451.380 ms Mon, 30 Oct 2023 19:28:34 GMT application/json
GET /apiEcomerce/1.0/roles/ 200 359 - 14.066 ms Mon, 30 Oct 2023 19:28:39 GMT -
POST /apiEcomerce/1.0/roles/ 200 147 - 389.495 ms Mon, 30 Oct 2023 19:29:35 GMT application/json
POST /apiEcomerce/1.0/roles/ 200 147 - 392.426 ms Mon, 30 Oct 2023 19:29:43 GMT application/json
GET /apiEcomerce/1.0/roles/ 200 567 - 17.177 ms Mon, 30 Oct 2023 19:29:48 GMT -
POST /apiEcomerce/1.0/auth/register 400 255 - 55.669 ms Mon, 30 Oct 2023 19:38:34 GMT application/json
POST /apiEcomerce/1.0/auth/register 400 297 - 79.847 ms Mon, 30 Oct 2023 19:42:05 GMT application/json
POST /apiEcomerce/1.0/auth/register 400 288 - 54.943 ms Mon, 30 Oct 2023 19:42:40 GMT application/json
POST /apiEcomerce/1.0/auth/register 201 369 - 355.690 ms Mon, 30 Oct 2023 19:43:10 GMT application/json
GET /apiEcomerce/1.0/users 200 666 - 226.507 ms Mon, 30 Oct 2023 19:46:44 GMT -
POST /apiEcomerce/1.0/auth/register 201 384 - 196.781 ms Mon, 30 Oct 2023 19:46:57 GMT application/json
POST /apiEcomerce/1.0/auth/register 201 392 - 358.799 ms Mon, 30 Oct 2023 19:48:07 GMT application/json
POST /apiEcomerce/1.0/auth/login 200 663 - 552.614 ms Mon, 30 Oct 2023 19:48:43 GMT application/json
POST /apiEcomerce/1.0/auth/login 400 277 - 0.869 ms Mon, 30 Oct 2023 19:48:51 GMT application/json
GET /apiEcomerce/1.0/users 200 978 - 862.463 ms Mon, 30 Oct 2023 22:14:32 GMT -
GET /apiEcomerce/1.0/roles/ 200 567 - 502.303 ms Mon, 30 Oct 2023 22:15:01 GMT -
GET /apiEcomerce/1.0/roles/ 401 26 - 1.111 ms Mon, 30 Oct 2023 22:15:26 GMT -
POST /apiEcomerce/1.0/auth/login 400 277 - 89.083 ms Mon, 30 Oct 2023 22:17:28 GMT application/json
POST /apiEcomerce/1.0/auth/login 404 36 - 615.573 ms Mon, 30 Oct 2023 22:17:51 GMT application/json
POST /apiEcomerce/1.0/auth/login 200 663 - 1191.046 ms Mon, 30 Oct 2023 22:18:03 GMT application/json
POST /apiEcomerce/1.0/auth/register 400 254 - 91.974 ms Mon, 30 Oct 2023 22:23:09 GMT application/json
POST /apiEcomerce/1.0/auth/register 400 297 - 84.108 ms Mon, 30 Oct 2023 22:23:29 GMT application/json
